D:\KARIERA\EDUKACJA\MAGISTERSKIE\IS_SEM2\STRATEGY GRZEGORZ V2\STRATEGY GRZEGORZ V2\STRATEGY VS 2008\DEBUG\STRATEGY.PCH
D:\KARIERA\EDUKACJA\MAGISTERSKIE\IS_SEM2\STRATEGY GRZEGORZ V2\STRATEGY GRZEGORZ V2\STRATEGY VS 2008\DEBUG\STDAFX.OBJ
D:\KARIERA\EDUKACJA\MAGISTERSKIE\IS_SEM2\STRATEGY GRZEGORZ V2\STRATEGY GRZEGORZ V2\STRATEGY VS 2008\DEBUG\VC110.PDB
D:\KARIERA\EDUKACJA\MAGISTERSKIE\IS_SEM2\STRATEGY GRZEGORZ V2\STRATEGY GRZEGORZ V2\STRATEGY VS 2008\DEBUG\STRATEGY.OBJ
C:\STRATEGY\YELLOW\TEAM2.ILK
C:\STRATEGY\YELLOW\TEAM2.DLL
D:\KARIERA\EDUKACJA\MAGISTERSKIE\IS_SEM2\STRATEGY GRZEGORZ V2\STRATEGY GRZEGORZ V2\STRATEGY VS 2008\DEBUG\STRATEGY.PDB
D:\Kariera\Edukacja\magisterskie\IS_sem2\Strategy Grzegorz v2\Strategy Grzegorz v2\Strategy VS 2008\Debug\Strategy.lib
D:\Kariera\Edukacja\magisterskie\IS_sem2\Strategy Grzegorz v2\Strategy Grzegorz v2\Strategy VS 2008\Debug\Strategy.exp
D:\Kariera\Edukacja\magisterskie\IS_sem2\Strategy Grzegorz v2\Strategy Grzegorz v2\Strategy VS 2008\Debug\StdAfx.obj
D:\Kariera\Edukacja\magisterskie\IS_sem2\Strategy Grzegorz v2\Strategy Grzegorz v2\Strategy VS 2008\Debug\Strategy.obj
D:\Kariera\Edukacja\magisterskie\IS_sem2\Strategy Grzegorz v2\Strategy Grzegorz v2\Strategy VS 2008\Debug\cl.command.1.tlog
D:\Kariera\Edukacja\magisterskie\IS_sem2\Strategy Grzegorz v2\Strategy Grzegorz v2\Strategy VS 2008\Debug\CL.read.1.tlog
D:\Kariera\Edukacja\magisterskie\IS_sem2\Strategy Grzegorz v2\Strategy Grzegorz v2\Strategy VS 2008\Debug\CL.write.1.tlog
D:\Kariera\Edukacja\magisterskie\IS_sem2\Strategy Grzegorz v2\Strategy Grzegorz v2\Strategy VS 2008\Debug\link-cvtres.read.1.tlog
D:\Kariera\Edukacja\magisterskie\IS_sem2\Strategy Grzegorz v2\Strategy Grzegorz v2\Strategy VS 2008\Debug\link-cvtres.write.1.tlog
D:\Kariera\Edukacja\magisterskie\IS_sem2\Strategy Grzegorz v2\Strategy Grzegorz v2\Strategy VS 2008\Debug\link-rc.read.1.tlog
D:\Kariera\Edukacja\magisterskie\IS_sem2\Strategy Grzegorz v2\Strategy Grzegorz v2\Strategy VS 2008\Debug\link-rc.write.1.tlog
D:\Kariera\Edukacja\magisterskie\IS_sem2\Strategy Grzegorz v2\Strategy Grzegorz v2\Strategy VS 2008\Debug\link.command.1.tlog
D:\Kariera\Edukacja\magisterskie\IS_sem2\Strategy Grzegorz v2\Strategy Grzegorz v2\Strategy VS 2008\Debug\link.read.1.tlog
D:\Kariera\Edukacja\magisterskie\IS_sem2\Strategy Grzegorz v2\Strategy Grzegorz v2\Strategy VS 2008\Debug\link.write.1.tlog
D:\Kariera\Edukacja\magisterskie\IS_sem2\Strategy Grzegorz v2\Strategy Grzegorz v2\Strategy VS 2008\Debug\Strategy.write.1.tlog
D:\Kariera\Edukacja\magisterskie\IS_sem2\Strategy Grzegorz v2\Strategy Grzegorz v2\Strategy VS 2008\Debug\Strategy.pch
D:\Kariera\Edukacja\magisterskie\IS_sem2\Strategy Grzegorz v2\Strategy Grzegorz v2\Strategy VS 2008\Debug\vc110.idb
D:\Kariera\Edukacja\magisterskie\IS_sem2\Strategy Grzegorz v2\Strategy Grzegorz v2\Strategy VS 2008\Debug\Strategy.pdb
D:\Kariera\Edukacja\magisterskie\IS_sem2\Strategy Grzegorz v2\Strategy Grzegorz v2\Strategy VS 2008\Debug\vc110.pdb
